{"/home/ciacelo/Documents/studies/Rocketseat/NLW/Return/feedget-api/src/use-cases/submit-feedback-use-case.ts": {"path":"/home/ciacelo/Documents/studies/Rocketseat/NLW/Return/feedget-api/src/use-cases/submit-feedback-use-case.ts","all":false,"statementMap":{"0":{"start":{"line":1,"column":0},"end":{"line":1,"column":54}},"1":{"start":{"line":2,"column":0},"end":{"line":2,"column":76}},"2":{"start":{"line":3,"column":0},"end":{"line":3,"column":0}},"3":{"start":{"line":4,"column":0},"end":{"line":4,"column":40}},"4":{"start":{"line":5,"column":0},"end":{"line":5,"column":14}},"5":{"start":{"line":6,"column":0},"end":{"line":6,"column":17}},"6":{"start":{"line":7,"column":0},"end":{"line":7,"column":21}},"7":{"start":{"line":8,"column":0},"end":{"line":8,"column":1}},"8":{"start":{"line":9,"column":0},"end":{"line":9,"column":0}},"9":{"start":{"line":10,"column":0},"end":{"line":10,"column":36}},"10":{"start":{"line":11,"column":0},"end":{"line":11,"column":14}},"11":{"start":{"line":12,"column":0},"end":{"line":12,"column":53}},"12":{"start":{"line":13,"column":0},"end":{"line":13,"column":36}},"13":{"start":{"line":14,"column":0},"end":{"line":14,"column":6}},"14":{"start":{"line":15,"column":0},"end":{"line":15,"column":0}},"15":{"start":{"line":16,"column":0},"end":{"line":16,"column":56}},"16":{"start":{"line":17,"column":0},"end":{"line":17,"column":49}},"17":{"start":{"line":18,"column":0},"end":{"line":18,"column":0}},"18":{"start":{"line":19,"column":0},"end":{"line":19,"column":51}},"19":{"start":{"line":20,"column":0},"end":{"line":20,"column":4}},"20":{"start":{"line":21,"column":0},"end":{"line":21,"column":57}},"21":{"start":{"line":22,"column":0},"end":{"line":22,"column":0}},"22":{"start":{"line":23,"column":0},"end":{"line":23,"column":72}},"23":{"start":{"line":24,"column":0},"end":{"line":24,"column":51}},"24":{"start":{"line":25,"column":0},"end":{"line":25,"column":5}},"25":{"start":{"line":26,"column":0},"end":{"line":26,"column":0}},"26":{"start":{"line":27,"column":0},"end":{"line":27,"column":43}},"27":{"start":{"line":28,"column":0},"end":{"line":28,"column":11}},"28":{"start":{"line":29,"column":0},"end":{"line":29,"column":14}},"29":{"start":{"line":30,"column":0},"end":{"line":30,"column":16}},"30":{"start":{"line":31,"column":0},"end":{"line":31,"column":6}},"31":{"start":{"line":32,"column":0},"end":{"line":32,"column":0}},"32":{"start":{"line":33,"column":0},"end":{"line":33,"column":37}},"33":{"start":{"line":34,"column":0},"end":{"line":34,"column":31}},"34":{"start":{"line":35,"column":0},"end":{"line":35,"column":13}},"35":{"start":{"line":36,"column":0},"end":{"line":36,"column":79}},"36":{"start":{"line":37,"column":0},"end":{"line":37,"column":43}},"37":{"start":{"line":38,"column":0},"end":{"line":38,"column":40}},"38":{"start":{"line":39,"column":0},"end":{"line":39,"column":16}},"39":{"start":{"line":40,"column":0},"end":{"line":40,"column":18}},"40":{"start":{"line":41,"column":0},"end":{"line":41,"column":6}},"41":{"start":{"line":42,"column":0},"end":{"line":42,"column":3}},"42":{"start":{"line":43,"column":0},"end":{"line":43,"column":1}}},"s":{"0":1,"1":1,"2":1,"3":1,"4":1,"5":1,"6":1,"7":1,"8":1,"9":1,"10":1,"11":6,"12":6,"13":6,"14":1,"15":1,"16":6,"17":6,"18":6,"19":5,"20":6,"21":4,"22":6,"23":1,"24":1,"25":3,"26":3,"27":3,"28":3,"29":3,"30":3,"31":3,"32":3,"33":3,"34":3,"35":3,"36":3,"37":3,"38":3,"39":3,"40":3,"41":3,"42":1},"branchMap":{"0":{"type":"branch","line":16,"loc":{"start":{"line":16,"column":2},"end":{"line":42,"column":3}},"locations":[{"start":{"line":16,"column":2},"end":{"line":42,"column":3}}]},"1":{"type":"branch","line":19,"loc":{"start":{"line":19,"column":15},"end":{"line":19,"column":51}},"locations":[{"start":{"line":19,"column":15},"end":{"line":19,"column":51}}]},"2":{"type":"branch","line":20,"loc":{"start":{"line":20,"column":-1},"end":{"line":21,"column":18}},"locations":[{"start":{"line":20,"column":-1},"end":{"line":21,"column":18}}]},"3":{"type":"branch","line":21,"loc":{"start":{"line":21,"column":18},"end":{"line":21,"column":57}},"locations":[{"start":{"line":21,"column":18},"end":{"line":21,"column":57}}]},"4":{"type":"branch","line":22,"loc":{"start":{"line":22,"column":-1},"end":{"line":23,"column":69}},"locations":[{"start":{"line":22,"column":-1},"end":{"line":23,"column":69}}]},"5":{"type":"branch","line":23,"loc":{"start":{"line":23,"column":71},"end":{"line":25,"column":5}},"locations":[{"start":{"line":23,"column":71},"end":{"line":25,"column":5}}]},"6":{"type":"branch","line":26,"loc":{"start":{"line":26,"column":-1},"end":{"line":42,"column":3}},"locations":[{"start":{"line":26,"column":-1},"end":{"line":42,"column":3}}]},"7":{"type":"branch","line":11,"loc":{"start":{"line":11,"column":2},"end":{"line":14,"column":6}},"locations":[{"start":{"line":11,"column":2},"end":{"line":14,"column":6}}]}},"b":{"0":[6],"1":[1],"2":[5],"3":[1],"4":[4],"5":[1],"6":[3],"7":[6]},"fnMap":{"0":{"name":"execute","decl":{"start":{"line":16,"column":2},"end":{"line":42,"column":3}},"loc":{"start":{"line":16,"column":2},"end":{"line":42,"column":3}},"line":16},"1":{"name":"SubmitFeedbackUseCase","decl":{"start":{"line":11,"column":2},"end":{"line":14,"column":6}},"loc":{"start":{"line":11,"column":2},"end":{"line":14,"column":6}},"line":11}},"f":{"0":6,"1":6}}
}
